➜ forge script script/Swap.s.sol:SwapScript \
  --rpc-url https://base-sepolia-rpc.publicnode.com \
  --private-key $PRIVATE_KEY \
  --broadcast \
  -vvvv
[⠊] Compiling...
[⠊] Compiling 2 files with Solc 0.8.29
[⠒] Solc 0.8.29 finished in 933.42ms
Compiler run successful!
Warning: Detected artifacts built from source files that no longer exist. Run `forge clean` to make sure builds are in sync with project files.
 - /Users/mario/op/uniswap-v4-forge/script/CreatePoolAndAddLiquidity.s.sol
 - /Users/mario/op/uniswap-v4-forge/script/TestHookmate.s.sol
Traces:
  [1002118] → new SwapScript@0x5b73C5498c1E3b4dbA84de0F1833c4a029d90519
    ├─ [0] VM::getWallets()
    │   └─ ← [Return] [0x911d82b108804A18022d0A2621B2Fc608DEF6FCA]
    ├─ [0] console::log("Using Deployer wallet: %s", Deployer: [0x911d82b108804A18022d0A2621B2Fc608DEF6FCA]) [staticcall]
    │   └─ ← [Stop]
    ├─ [0] VM::label(Token0: [0x036CbD53842c5426634e7929541eC2318f3dCF7e], "Token0")
    │   └─ ← [Return]
    ├─ [0] VM::label(Token1: [0xCb8734448Bd46dd307c24F434180b0f2a6Df31f2], "Token1")
    │   └─ ← [Return]
    ├─ [0] VM::label(Deployer: [0x911d82b108804A18022d0A2621B2Fc608DEF6FCA], "Deployer")
    │   └─ ← [Return]
    ├─ [0] VM::label(PoolManager: [0x05E73354cFDd6745C338b50BcFDfA3Aa6fA03408], "PoolManager")
    │   └─ ← [Return]
    ├─ [0] VM::label(PositionManager: [0x4B2C77d209D3405F41a037Ec6c77F7F5b8e2ca80], "PositionManager")
    │   └─ ← [Return]
    ├─ [0] VM::label(SwapRouter: [0x94cC0AaC535CCDB3C01d6787D6413C739ae12bc4], "SwapRouter")
    │   └─ ← [Return]
    ├─ [0] VM::label(HookContract: [0x0000000000000000000000000000000000000000], "HookContract")
    │   └─ ← [Return]
    └─ ← [Return] 4836 bytes of code

  [93880] SwapScript::run()
    ├─ [0] console::log("=== Starting MUSD to USDC Swap ===") [staticcall]
    │   └─ ← [Stop]
    ├─ [0] console::log("Deployer Address:", Deployer: [0x911d82b108804A18022d0A2621B2Fc608DEF6FCA]) [staticcall]
    │   └─ ← [Stop]
    ├─ [0] console::log("") [staticcall]
    │   └─ ← [Stop]
    ├─ [0] console::log("=== BEFORE SWAP ===") [staticcall]
    │   └─ ← [Stop]
    ├─ [9750] Token0::balanceOf(Deployer: [0x911d82b108804A18022d0A2621B2Fc608DEF6FCA]) [staticcall]
    │   ├─ [2553] 0xd74cc5d436923b8ba2c179b4bCA2841D8A52C5B5::balanceOf(Deployer: [0x911d82b108804A18022d0A2621B2Fc608DEF6FCA]) [delegatecall]
    │   │   └─ ← [Return] 59633024 [5.963e7]
    │   └─ ← [Return] 59633024 [5.963e7]
    ├─ [2851] Token1::balanceOf(Deployer: [0x911d82b108804A18022d0A2621B2Fc608DEF6FCA]) [staticcall]
    │   └─ ← [Return] 999999999999950997652 [9.999e20]
    ├─ [0] console::log("USDC Balance Before:", 59633024 [5.963e7]) [staticcall]
    │   └─ ← [Stop]
    ├─ [0] console::log("MUSD Balance Before:", 999999999999950997652 [9.999e20]) [staticcall]
    │   └─ ← [Stop]
    ├─ [0] console::log("Has enough MUSD (1e18)?", true) [staticcall]
    │   └─ ← [Stop]
    ├─ [0] console::log("") [staticcall]
    │   └─ ← [Stop]
    ├─ [0] console::log("=== SWAP CONFIGURATION ===") [staticcall]
    │   └─ ← [Stop]
    ├─ [0] console::log("Amount In (MUSD): 1e18") [staticcall]
    │   └─ ← [Stop]
    ├─ [0] console::log("Min Amount Out (USDC): 0.95e6") [staticcall]
    │   └─ ← [Stop]
    ├─ [0] console::log("Zero for One:", false) [staticcall]
    │   └─ ← [Stop]
    ├─ [0] console::log("Pool Fee:", 100) [staticcall]
    │   └─ ← [Stop]
    ├─ [0] console::log("") [staticcall]
    │   └─ ← [Stop]
    ├─ [0] VM::startBroadcast()
    │   └─ ← [Return]
    ├─ [0] console::log("Setting token approvals...") [staticcall]
    │   └─ ← [Stop]
    ├─ [25319] Token1::approve(SwapRouter: [0x94cC0AaC535CCDB3C01d6787D6413C739ae12bc4], 115792089237316195423570985008687907853269984665640564039457584007913129639935 [1.157e77])
    │   ├─ emit Approval(owner: Deployer: [0x911d82b108804A18022d0A2621B2Fc608DEF6FCA], spender: SwapRouter: [0x94cC0AaC535CCDB3C01d6787D6413C739ae12bc4], value: 115792089237316195423570985008687907853269984665640564039457584007913129639935 [1.157e77])
    │   └─ ← [Return] true
    ├─ [27341] Token0::approve(SwapRouter: [0x94cC0AaC535CCDB3C01d6787D6413C739ae12bc4], 115792089237316195423570985008687907853269984665640564039457584007913129639935 [1.157e77])
    │   ├─ [26673] 0xd74cc5d436923b8ba2c179b4bCA2841D8A52C5B5::approve(SwapRouter: [0x94cC0AaC535CCDB3C01d6787D6413C739ae12bc4], 115792089237316195423570985008687907853269984665640564039457584007913129639935 [1.157e77]) [delegatecall]
    │   │   ├─ emit Approval(owner: Deployer: [0x911d82b108804A18022d0A2621B2Fc608DEF6FCA], spender: SwapRouter: [0x94cC0AaC535CCDB3C01d6787D6413C739ae12bc4], value: 115792089237316195423570985008687907853269984665640564039457584007913129639935 [1.157e77])
    │   │   └─ ← [Return] true
    │   └─ ← [Return] true
    ├─ [0] console::log("Approvals set") [staticcall]
    │   └─ ← [Stop]
    ├─ [0] console::log("Executing swap...") [staticcall]
    │   └─ ← [Stop]
    ├─ [225] SwapRouter::swapExactTokensForTokens(1000000000000000000 [1e18], 950000 [9.5e5], false, PoolKey({ currency0: 0x036CbD53842c5426634e7929541eC2318f3dCF7e, currency1: 0xCb8734448Bd46dd307c24F434180b0f2a6Df31f2, fee: 100, tickSpacing: 1, hooks: 0x0000000000000000000000000000000000000000 }), 0x, Deployer: [0x911d82b108804A18022d0A2621B2Fc608DEF6FCA], 1752161648 [1.752e9])
    │   └─ ← [Revert] EvmError: Revert
    └─ ← [Revert] EvmError: Revert



== Logs ==
  Using Deployer wallet: 0x911d82b108804A18022d0A2621B2Fc608DEF6FCA
  === Starting MUSD to USDC Swap ===
  Deployer Address: 0x911d82b108804A18022d0A2621B2Fc608DEF6FCA
  
  === BEFORE SWAP ===
  USDC Balance Before: 59633024
  MUSD Balance Before: 999999999999950997652
  Has enough MUSD (1e18)? true
  
  === SWAP CONFIGURATION ===
  Amount In (MUSD): 1e18
  Min Amount Out (USDC): 0.95e6
  Zero for One: false
  Pool Fee: 100
  
  Setting token approvals...
  Approvals set
  Executing swap...
Error: script failed: <empty revert data>